mode: set
github.com/capstone-kelompok-7/backend-disappear/module/feature/voucher/service/service.go:18.137,23.2 1 1
github.com/capstone-kelompok-7/backend-disappear/module/feature/voucher/service/service.go:25.106,26.89 1 1
github.com/capstone-kelompok-7/backend-disappear/module/feature/voucher/service/service.go:26.89,28.3 1 1
github.com/capstone-kelompok-7/backend-disappear/module/feature/voucher/service/service.go:30.2,42.43 3 1
github.com/capstone-kelompok-7/backend-disappear/module/feature/voucher/service/service.go:42.43,44.3 1 1
github.com/capstone-kelompok-7/backend-disappear/module/feature/voucher/service/service.go:44.8,46.3 1 1
github.com/capstone-kelompok-7/backend-disappear/module/feature/voucher/service/service.go:47.2,48.16 2 1
github.com/capstone-kelompok-7/backend-disappear/module/feature/voucher/service/service.go:48.16,50.3 1 1
github.com/capstone-kelompok-7/backend-disappear/module/feature/voucher/service/service.go:51.2,51.20 1 1
github.com/capstone-kelompok-7/backend-disappear/module/feature/voucher/service/service.go:54.93,56.16 2 1
github.com/capstone-kelompok-7/backend-disappear/module/feature/voucher/service/service.go:56.16,58.3 1 1
github.com/capstone-kelompok-7/backend-disappear/module/feature/voucher/service/service.go:59.2,59.85 1 1
github.com/capstone-kelompok-7/backend-disappear/module/feature/voucher/service/service.go:59.85,61.3 1 1
github.com/capstone-kelompok-7/backend-disappear/module/feature/voucher/service/service.go:62.2,77.47 3 1
github.com/capstone-kelompok-7/backend-disappear/module/feature/voucher/service/service.go:77.47,79.3 1 1
github.com/capstone-kelompok-7/backend-disappear/module/feature/voucher/service/service.go:79.8,81.3 1 1
github.com/capstone-kelompok-7/backend-disappear/module/feature/voucher/service/service.go:82.2,83.16 2 1
github.com/capstone-kelompok-7/backend-disappear/module/feature/voucher/service/service.go:83.16,85.3 1 1
github.com/capstone-kelompok-7/backend-disappear/module/feature/voucher/service/service.go:86.2,86.12 1 1
github.com/capstone-kelompok-7/backend-disappear/module/feature/voucher/service/service.go:89.64,91.16 2 1
github.com/capstone-kelompok-7/backend-disappear/module/feature/voucher/service/service.go:91.16,93.3 1 1
github.com/capstone-kelompok-7/backend-disappear/module/feature/voucher/service/service.go:94.2,94.58 1 1
github.com/capstone-kelompok-7/backend-disappear/module/feature/voucher/service/service.go:94.58,96.3 1 1
github.com/capstone-kelompok-7/backend-disappear/module/feature/voucher/service/service.go:97.2,97.12 1 1
github.com/capstone-kelompok-7/backend-disappear/module/feature/voucher/service/service.go:100.92,102.16 2 1
github.com/capstone-kelompok-7/backend-disappear/module/feature/voucher/service/service.go:102.16,104.3 1 1
github.com/capstone-kelompok-7/backend-disappear/module/feature/voucher/service/service.go:106.2,106.20 1 1
github.com/capstone-kelompok-7/backend-disappear/module/feature/voucher/service/service.go:109.101,111.16 2 1
github.com/capstone-kelompok-7/backend-disappear/module/feature/voucher/service/service.go:111.16,113.3 1 1
github.com/capstone-kelompok-7/backend-disappear/module/feature/voucher/service/service.go:115.2,116.16 2 1
github.com/capstone-kelompok-7/backend-disappear/module/feature/voucher/service/service.go:116.16,118.3 1 1
github.com/capstone-kelompok-7/backend-disappear/module/feature/voucher/service/service.go:120.2,120.34 1 1
github.com/capstone-kelompok-7/backend-disappear/module/feature/voucher/service/service.go:123.102,125.18 2 1
github.com/capstone-kelompok-7/backend-disappear/module/feature/voucher/service/service.go:125.18,127.3 1 1
github.com/capstone-kelompok-7/backend-disappear/module/feature/voucher/service/service.go:129.2,131.26 2 1
github.com/capstone-kelompok-7/backend-disappear/module/feature/voucher/service/service.go:131.26,133.3 1 1
github.com/capstone-kelompok-7/backend-disappear/module/feature/voucher/service/service.go:135.2,135.28 1 1
github.com/capstone-kelompok-7/backend-disappear/module/feature/voucher/service/service.go:138.71,139.30 1 1
github.com/capstone-kelompok-7/backend-disappear/module/feature/voucher/service/service.go:139.30,141.3 1 1
github.com/capstone-kelompok-7/backend-disappear/module/feature/voucher/service/service.go:142.2,142.19 1 1
github.com/capstone-kelompok-7/backend-disappear/module/feature/voucher/service/service.go:145.59,146.21 1 1
github.com/capstone-kelompok-7/backend-disappear/module/feature/voucher/service/service.go:146.21,148.3 1 1
github.com/capstone-kelompok-7/backend-disappear/module/feature/voucher/service/service.go:149.2,149.10 1 1
github.com/capstone-kelompok-7/backend-disappear/module/feature/voucher/service/service.go:152.83,154.16 2 0
github.com/capstone-kelompok-7/backend-disappear/module/feature/voucher/service/service.go:154.16,156.3 1 0
github.com/capstone-kelompok-7/backend-disappear/module/feature/voucher/service/service.go:158.2,159.16 2 0
github.com/capstone-kelompok-7/backend-disappear/module/feature/voucher/service/service.go:159.16,161.3 1 0
github.com/capstone-kelompok-7/backend-disappear/module/feature/voucher/service/service.go:162.2,162.39 1 0
github.com/capstone-kelompok-7/backend-disappear/module/feature/voucher/service/service.go:162.39,164.3 1 0
github.com/capstone-kelompok-7/backend-disappear/module/feature/voucher/service/service.go:166.2,166.19 1 0
github.com/capstone-kelompok-7/backend-disappear/module/feature/voucher/service/service.go:167.14,168.19 1 0
github.com/capstone-kelompok-7/backend-disappear/module/feature/voucher/service/service.go:169.16,170.65 1 0
github.com/capstone-kelompok-7/backend-disappear/module/feature/voucher/service/service.go:170.65,172.4 1 0
github.com/capstone-kelompok-7/backend-disappear/module/feature/voucher/service/service.go:173.16,174.34 1 0
github.com/capstone-kelompok-7/backend-disappear/module/feature/voucher/service/service.go:174.34,176.4 1 0
github.com/capstone-kelompok-7/backend-disappear/module/feature/voucher/service/service.go:178.2,178.19 1 0
github.com/capstone-kelompok-7/backend-disappear/module/feature/voucher/service/service.go:181.79,183.16 2 0
github.com/capstone-kelompok-7/backend-disappear/module/feature/voucher/service/service.go:183.16,185.3 1 0
github.com/capstone-kelompok-7/backend-disappear/module/feature/voucher/service/service.go:187.2,187.25 1 0
github.com/capstone-kelompok-7/backend-disappear/module/feature/voucher/service/service.go:187.25,189.3 1 0
github.com/capstone-kelompok-7/backend-disappear/module/feature/voucher/service/service.go:191.2,192.16 2 0
github.com/capstone-kelompok-7/backend-disappear/module/feature/voucher/service/service.go:192.16,194.3 1 0
github.com/capstone-kelompok-7/backend-disappear/module/feature/voucher/service/service.go:196.2,196.16 1 0
github.com/capstone-kelompok-7/backend-disappear/module/feature/voucher/service/service.go:196.16,198.3 1 0
github.com/capstone-kelompok-7/backend-disappear/module/feature/voucher/service/service.go:199.2,200.16 2 0
github.com/capstone-kelompok-7/backend-disappear/module/feature/voucher/service/service.go:200.16,202.3 1 0
github.com/capstone-kelompok-7/backend-disappear/module/feature/voucher/service/service.go:204.2,204.13 1 0
github.com/capstone-kelompok-7/backend-disappear/module/feature/voucher/service/service.go:204.13,206.3 1 0
github.com/capstone-kelompok-7/backend-disappear/module/feature/voucher/service/service.go:208.2,212.55 2 0
github.com/capstone-kelompok-7/backend-disappear/module/feature/voucher/service/service.go:212.55,214.3 1 0
github.com/capstone-kelompok-7/backend-disappear/module/feature/voucher/service/service.go:215.2,215.70 1 0
github.com/capstone-kelompok-7/backend-disappear/module/feature/voucher/service/service.go:215.70,217.3 1 0
github.com/capstone-kelompok-7/backend-disappear/module/feature/voucher/service/service.go:219.2,219.12 1 0
github.com/capstone-kelompok-7/backend-disappear/module/feature/voucher/service/service.go:223.78,225.16 2 1
github.com/capstone-kelompok-7/backend-disappear/module/feature/voucher/service/service.go:225.16,227.3 1 1
github.com/capstone-kelompok-7/backend-disappear/module/feature/voucher/service/service.go:228.2,228.12 1 1
github.com/capstone-kelompok-7/backend-disappear/module/feature/voucher/service/service.go:232.97,234.16 2 1
github.com/capstone-kelompok-7/backend-disappear/module/feature/voucher/service/service.go:234.16,236.3 1 1
github.com/capstone-kelompok-7/backend-disappear/module/feature/voucher/service/service.go:237.2,237.26 1 1
github.com/capstone-kelompok-7/backend-disappear/module/feature/voucher/service/service.go:240.121,242.16 2 1
github.com/capstone-kelompok-7/backend-disappear/module/feature/voucher/service/service.go:242.16,244.3 1 1
github.com/capstone-kelompok-7/backend-disappear/module/feature/voucher/service/service.go:246.2,247.16 2 1
github.com/capstone-kelompok-7/backend-disappear/module/feature/voucher/service/service.go:247.16,249.3 1 0
github.com/capstone-kelompok-7/backend-disappear/module/feature/voucher/service/service.go:251.2,251.34 1 1
github.com/capstone-kelompok-7/backend-disappear/module/feature/voucher/service/service.go:254.125,256.16 2 1
github.com/capstone-kelompok-7/backend-disappear/module/feature/voucher/service/service.go:256.16,258.3 1 1
github.com/capstone-kelompok-7/backend-disappear/module/feature/voucher/service/service.go:260.2,261.16 2 1
github.com/capstone-kelompok-7/backend-disappear/module/feature/voucher/service/service.go:261.16,263.3 1 0
github.com/capstone-kelompok-7/backend-disappear/module/feature/voucher/service/service.go:265.2,265.34 1 1
github.com/capstone-kelompok-7/backend-disappear/module/feature/voucher/service/service.go:268.139,270.16 2 1
github.com/capstone-kelompok-7/backend-disappear/module/feature/voucher/service/service.go:270.16,272.3 1 1
github.com/capstone-kelompok-7/backend-disappear/module/feature/voucher/service/service.go:274.2,275.16 2 1
github.com/capstone-kelompok-7/backend-disappear/module/feature/voucher/service/service.go:275.16,277.3 1 0
github.com/capstone-kelompok-7/backend-disappear/module/feature/voucher/service/service.go:279.2,279.34 1 1
github.com/capstone-kelompok-7/backend-disappear/module/feature/voucher/service/service.go:282.109,284.16 2 1
github.com/capstone-kelompok-7/backend-disappear/module/feature/voucher/service/service.go:284.16,286.3 1 1
github.com/capstone-kelompok-7/backend-disappear/module/feature/voucher/service/service.go:288.2,289.35 2 1
github.com/capstone-kelompok-7/backend-disappear/module/feature/voucher/service/service.go:289.35,291.17 2 1
github.com/capstone-kelompok-7/backend-disappear/module/feature/voucher/service/service.go:291.17,293.4 1 0
github.com/capstone-kelompok-7/backend-disappear/module/feature/voucher/service/service.go:295.3,295.15 1 1
github.com/capstone-kelompok-7/backend-disappear/module/feature/voucher/service/service.go:295.15,297.4 1 1
github.com/capstone-kelompok-7/backend-disappear/module/feature/voucher/service/service.go:300.2,300.30 1 1
